<?xml version="1.0" encoding="UTF-8"?>
<testng-results skipped="0" failed="1" ignored="0" total="16" passed="15">
  <reporter-output>
  </reporter-output>
  <suite name="nopCommerce Regression Test Suite" duration-ms="79759" started-at="2020-12-30T02:42:59Z" finished-at="2020-12-30T02:44:19Z">
    <groups>
    </groups>
    <test name="Homepage Test" duration-ms="10285" started-at="2020-12-30T02:42:59Z" finished-at="2020-12-30T02:43:10Z">
      <class name="com.nopcommerce.tests.HomePageTest">
        <test-method status="PASS" signature="setup()[pri:0, instance:com.nopcommerce.tests.HomePageTest@5e9456ae]" name="setup" is-config="true" duration-ms="9033" started-at="2020-12-30T02:42:59Z" finished-at="2020-12-30T02:43:08Z">
          <reporter-output>
          </reporter-output>
        </test-method> <!-- setup -->
        <test-method status="PASS" signature="validatePageTitleTest()[pri:1, instance:com.nopcommerce.tests.HomePageTest@5e9456ae]" name="validatePageTitleTest" duration-ms="104" started-at="2020-12-30T02:43:09Z" finished-at="2020-12-30T02:43:09Z">
          <reporter-output>
          </reporter-output>
        </test-method> <!-- validatePageTitleTest -->
        <test-method status="PASS" signature="verifyLogoTest()[pri:2, instance:com.nopcommerce.tests.HomePageTest@5e9456ae]" name="verifyLogoTest" duration-ms="89" started-at="2020-12-30T02:43:09Z" finished-at="2020-12-30T02:43:09Z">
          <reporter-output>
          </reporter-output>
        </test-method> <!-- verifyLogoTest -->
        <test-method status="PASS" signature="verifyRegisterLinkTest()[pri:3, instance:com.nopcommerce.tests.HomePageTest@5e9456ae]" name="verifyRegisterLinkTest" duration-ms="55" started-at="2020-12-30T02:43:09Z" finished-at="2020-12-30T02:43:09Z">
          <reporter-output>
          </reporter-output>
        </test-method> <!-- verifyRegisterLinkTest -->
        <test-method status="PASS" signature="verifyLoginLinkTest()[pri:4, instance:com.nopcommerce.tests.HomePageTest@5e9456ae]" name="verifyLoginLinkTest" duration-ms="42" started-at="2020-12-30T02:43:09Z" finished-at="2020-12-30T02:43:09Z">
          <reporter-output>
          </reporter-output>
        </test-method> <!-- verifyLoginLinkTest -->
        <test-method status="PASS" signature="tearDown()[pri:0, instance:com.nopcommerce.tests.HomePageTest@5e9456ae]" name="tearDown" is-config="true" duration-ms="724" started-at="2020-12-30T02:43:09Z" finished-at="2020-12-30T02:43:10Z">
          <reporter-output>
          </reporter-output>
        </test-method> <!-- tearDown -->
      </class> <!-- com.nopcommerce.tests.HomePageTest -->
    </test> <!-- Homepage Test -->
    <test name="SearchPage Test" duration-ms="15175" started-at="2020-12-30T02:42:59Z" finished-at="2020-12-30T02:43:15Z">
      <class name="com.nopcommerce.tests.SearchPageTest">
        <test-method status="PASS" signature="setup()[pri:0, instance:com.nopcommerce.tests.SearchPageTest@588cd519]" name="setup" is-config="true" duration-ms="8851" started-at="2020-12-30T02:42:59Z" finished-at="2020-12-30T02:43:08Z">
          <reporter-output>
          </reporter-output>
        </test-method> <!-- setup -->
        <test-method status="PASS" signature="searchPageSetup()[pri:0, instance:com.nopcommerce.tests.SearchPageTest@588cd519]" name="searchPageSetup" is-config="true" duration-ms="1370" started-at="2020-12-30T02:43:08Z" finished-at="2020-12-30T02:43:10Z">
          <reporter-output>
          </reporter-output>
        </test-method> <!-- searchPageSetup -->
        <test-method status="PASS" signature="verifySearchPageNameTest()[pri:1, instance:com.nopcommerce.tests.SearchPageTest@588cd519]" name="verifySearchPageNameTest" duration-ms="31" started-at="2020-12-30T02:43:10Z" finished-at="2020-12-30T02:43:10Z">
          <reporter-output>
          </reporter-output>
        </test-method> <!-- verifySearchPageNameTest -->
        <test-method status="PASS" signature="verifyManufactureDropDownListTest()[pri:2, instance:com.nopcommerce.tests.SearchPageTest@588cd519]" name="verifyManufactureDropDownListTest" duration-ms="4175" started-at="2020-12-30T02:43:10Z" finished-at="2020-12-30T02:43:14Z">
          <reporter-output>
          </reporter-output>
        </test-method> <!-- verifyManufactureDropDownListTest -->
        <test-method status="PASS" signature="verifyManufacturesListTest()[pri:3, instance:com.nopcommerce.tests.SearchPageTest@588cd519]" name="verifyManufacturesListTest" duration-ms="47" started-at="2020-12-30T02:43:14Z" finished-at="2020-12-30T02:43:14Z">
          <reporter-output>
          </reporter-output>
        </test-method> <!-- verifyManufacturesListTest -->
        <test-method status="PASS" signature="tearDown()[pri:0, instance:com.nopcommerce.tests.SearchPageTest@588cd519]" name="tearDown" is-config="true" duration-ms="662" started-at="2020-12-30T02:43:14Z" finished-at="2020-12-30T02:43:15Z">
          <reporter-output>
          </reporter-output>
        </test-method> <!-- tearDown -->
      </class> <!-- com.nopcommerce.tests.SearchPageTest -->
    </test> <!-- SearchPage Test -->
    <test name="LoginPage Test" duration-ms="23800" started-at="2020-12-30T02:42:59Z" finished-at="2020-12-30T02:43:23Z">
      <class name="com.nopcommerce.tests.LoginPageTest">
        <test-method status="PASS" signature="setup()[pri:0, instance:com.nopcommerce.tests.LoginPageTest@57aa341b]" name="setup" is-config="true" duration-ms="18967" started-at="2020-12-30T02:42:59Z" finished-at="2020-12-30T02:43:18Z">
          <reporter-output>
          </reporter-output>
        </test-method> <!-- setup -->
        <test-method status="PASS" signature="loginPageSetup()[pri:0, instance:com.nopcommerce.tests.LoginPageTest@57aa341b]" name="loginPageSetup" is-config="true" duration-ms="702" started-at="2020-12-30T02:43:18Z" finished-at="2020-12-30T02:43:19Z">
          <reporter-output>
          </reporter-output>
        </test-method> <!-- loginPageSetup -->
        <test-method status="PASS" signature="verifyLoginPageNameTest()[pri:1, instance:com.nopcommerce.tests.LoginPageTest@57aa341b]" name="verifyLoginPageNameTest" duration-ms="2027" started-at="2020-12-30T02:43:19Z" finished-at="2020-12-30T02:43:21Z">
          <reporter-output>
          </reporter-output>
        </test-method> <!-- verifyLoginPageNameTest -->
        <test-method status="PASS" signature="verifyLoginButtonStatusTest()[pri:2, instance:com.nopcommerce.tests.LoginPageTest@57aa341b]" name="verifyLoginButtonStatusTest" duration-ms="42" started-at="2020-12-30T02:43:21Z" finished-at="2020-12-30T02:43:21Z">
          <reporter-output>
          </reporter-output>
        </test-method> <!-- verifyLoginButtonStatusTest -->
        <test-method status="PASS" signature="verifyRegisterButtonStatusTest()[pri:3, instance:com.nopcommerce.tests.LoginPageTest@57aa341b]" name="verifyRegisterButtonStatusTest" duration-ms="35" started-at="2020-12-30T02:43:21Z" finished-at="2020-12-30T02:43:21Z">
          <reporter-output>
          </reporter-output>
        </test-method> <!-- verifyRegisterButtonStatusTest -->
        <test-method status="PASS" signature="validateUserLoginTest()[pri:4, instance:com.nopcommerce.tests.LoginPageTest@57aa341b]" name="validateUserLoginTest" duration-ms="546" started-at="2020-12-30T02:43:21Z" finished-at="2020-12-30T02:43:22Z">
          <reporter-output>
          </reporter-output>
        </test-method> <!-- validateUserLoginTest -->
        <test-method status="FAIL" signature="logoutTest()[pri:5, instance:com.nopcommerce.tests.LoginPageTest@57aa341b]" name="logoutTest" duration-ms="41" started-at="2020-12-30T02:43:22Z" finished-at="2020-12-30T02:43:22Z">
          <exception class="org.openqa.selenium.NoSuchElementException">
            <message>
              <![CDATA[no such element: Unable to locate element: {"method":"link text","selector":"Log out"}
  (Session info: chrome=87.0.4280.88)
For documentation on this error, please visit: https://www.seleniumhq.org/exceptions/no_such_element.html
Build info: version: '3.141.59', revision: 'e82be7d358', time: '2018-11-14T08:17:03'
System info: host: 'LAPTOP-0AM1S9BN', ip: '192.168.0.105', os.name: 'Windows 10', os.arch: 'amd64', os.version: '10.0', java.version: '1.8.0_271'
Driver info: org.openqa.selenium.chrome.ChromeDriver
Capabilities {acceptInsecureCerts: false, browserName: chrome, browserVersion: 87.0.4280.88, chrome: {chromedriverVersion: 87.0.4280.88 (89e2380a3e36c..., userDataDir: C:\Users\shehi\AppData\Loca...}, goog:chromeOptions: {debuggerAddress: localhost:54890}, javascriptEnabled: true, networkConnectionEnabled: false, pageLoadStrategy: normal, platform: WINDOWS, platformName: WINDOWS, proxy: Proxy(), setWindowRect: true, strictFileInteractability: false, timeouts: {implicit: 0, pageLoad: 300000, script: 30000}, unhandledPromptBehavior: dismiss and notify, webauthn:virtualAuthenticators: true}
Session ID: 11da5f1412216febab945ff362d617c3
*** Element info: {Using=link text, value=Log out}]]>
            </message>
            <full-stacktrace>
              <![CDATA[org.openqa.selenium.NoSuchElementException: no such element: Unable to locate element: {"method":"link text","selector":"Log out"}
  (Session info: chrome=87.0.4280.88)
For documentation on this error, please visit: https://www.seleniumhq.org/exceptions/no_such_element.html
Build info: version: '3.141.59', revision: 'e82be7d358', time: '2018-11-14T08:17:03'
System info: host: 'LAPTOP-0AM1S9BN', ip: '192.168.0.105', os.name: 'Windows 10', os.arch: 'amd64', os.version: '10.0', java.version: '1.8.0_271'
Driver info: org.openqa.selenium.chrome.ChromeDriver
Capabilities {acceptInsecureCerts: false, browserName: chrome, browserVersion: 87.0.4280.88, chrome: {chromedriverVersion: 87.0.4280.88 (89e2380a3e36c..., userDataDir: C:\Users\shehi\AppData\Loca...}, goog:chromeOptions: {debuggerAddress: localhost:54890}, javascriptEnabled: true, networkConnectionEnabled: false, pageLoadStrategy: normal, platform: WINDOWS, platformName: WINDOWS, proxy: Proxy(), setWindowRect: true, strictFileInteractability: false, timeouts: {implicit: 0, pageLoad: 300000, script: 30000}, unhandledPromptBehavior: dismiss and notify, webauthn:virtualAuthenticators: true}
Session ID: 11da5f1412216febab945ff362d617c3
*** Element info: {Using=link text, value=Log out}
at sun.reflect.NativeConstructorAccessorImpl.newInstance0(Native Method)
at sun.reflect.NativeConstructorAccessorImpl.newInstance(NativeConstructorAccessorImpl.java:62)
at sun.reflect.DelegatingConstructorAccessorImpl.newInstance(DelegatingConstructorAccessorImpl.java:45)
at java.lang.reflect.Constructor.newInstance(Constructor.java:423)
at org.openqa.selenium.remote.http.W3CHttpResponseCodec.createException(W3CHttpResponseCodec.java:187)
at org.openqa.selenium.remote.http.W3CHttpResponseCodec.decode(W3CHttpResponseCodec.java:122)
at org.openqa.selenium.remote.http.W3CHttpResponseCodec.decode(W3CHttpResponseCodec.java:49)
at org.openqa.selenium.remote.HttpCommandExecutor.execute(HttpCommandExecutor.java:158)
at org.openqa.selenium.remote.service.DriverCommandExecutor.execute(DriverCommandExecutor.java:83)
at org.openqa.selenium.remote.RemoteWebDriver.execute(RemoteWebDriver.java:552)
at org.openqa.selenium.remote.RemoteWebDriver.findElement(RemoteWebDriver.java:323)
at org.openqa.selenium.remote.RemoteWebDriver.findElementByLinkText(RemoteWebDriver.java:380)
at org.openqa.selenium.By$ByLinkText.findElement(By.java:220)
at org.openqa.selenium.remote.RemoteWebDriver.findElement(RemoteWebDriver.java:315)
at com.nopcommerce.utils.ElementUtil.getElement(ElementUtil.java:22)
at com.nopcommerce.utils.ElementUtil.doClick(ElementUtil.java:31)
at com.nopcommerce.pages.HomePage.doLogout(HomePage.java:71)
at com.nopcommerce.tests.LoginPageTest.logoutTest(LoginPageTest.java:40)
at sun.reflect.NativeMethodAccessorImpl.invoke0(Native Method)
at sun.reflect.NativeMethodAccessorImpl.invoke(NativeMethodAccessorImpl.java:62)
at sun.reflect.DelegatingMethodAccessorImpl.invoke(DelegatingMethodAccessorImpl.java:43)
at java.lang.reflect.Method.invoke(Method.java:498)
at org.testng.internal.MethodInvocationHelper.invokeMethod(MethodInvocationHelper.java:124)
at org.testng.internal.Invoker.invokeMethod(Invoker.java:583)
at org.testng.internal.Invoker.invokeTestMethod(Invoker.java:719)
at org.testng.internal.Invoker.invokeTestMethods(Invoker.java:989)
at org.testng.internal.TestMethodWorker.invokeTestMethods(TestMethodWorker.java:125)
at org.testng.internal.TestMethodWorker.run(TestMethodWorker.java:109)
at org.testng.TestRunner.privateRun(TestRunner.java:648)
at org.testng.TestRunner.run(TestRunner.java:505)
at org.testng.SuiteRunner.runTest(SuiteRunner.java:455)
at org.testng.SuiteRunner.access$000(SuiteRunner.java:40)
at org.testng.SuiteRunner$SuiteWorker.run(SuiteRunner.java:489)
at org.testng.internal.thread.ThreadUtil$1.call(ThreadUtil.java:52)
at java.util.concurrent.FutureTask.run(FutureTask.java:266)
at java.util.concurrent.ThreadPoolExecutor.runWorker(ThreadPoolExecutor.java:1149)
at java.util.concurrent.ThreadPoolExecutor$Worker.run(ThreadPoolExecutor.java:624)
at java.lang.Thread.run(Thread.java:748)
]]>
            </full-stacktrace>
          </exception> <!-- org.openqa.selenium.NoSuchElementException -->
          <reporter-output>
          </reporter-output>
        </test-method> <!-- logoutTest -->
        <test-method status="PASS" signature="tearDown()[pri:0, instance:com.nopcommerce.tests.LoginPageTest@57aa341b]" name="tearDown" is-config="true" duration-ms="689" started-at="2020-12-30T02:43:23Z" finished-at="2020-12-30T02:43:23Z">
          <reporter-output>
          </reporter-output>
        </test-method> <!-- tearDown -->
      </class> <!-- com.nopcommerce.tests.LoginPageTest -->
    </test> <!-- LoginPage Test -->
    <test name="RegisterPage Test" duration-ms="79759" started-at="2020-12-30T02:42:59Z" finished-at="2020-12-30T02:44:19Z">
      <class name="com.nopcommerce.tests.RegisterPageTest">
        <test-method status="PASS" signature="setup()[pri:0, instance:com.nopcommerce.tests.RegisterPageTest@73ab3aac]" name="setup" is-config="true" duration-ms="8971" started-at="2020-12-30T02:42:59Z" finished-at="2020-12-30T02:43:08Z">
          <reporter-output>
          </reporter-output>
        </test-method> <!-- setup -->
        <test-method status="PASS" signature="registerPageSetup()[pri:0, instance:com.nopcommerce.tests.RegisterPageTest@73ab3aac]" name="registerPageSetup" is-config="true" duration-ms="1270" started-at="2020-12-30T02:43:08Z" finished-at="2020-12-30T02:43:10Z">
          <reporter-output>
          </reporter-output>
        </test-method> <!-- registerPageSetup -->
        <test-method status="PASS" signature="verifyRegisterPageNameTest()[pri:1, instance:com.nopcommerce.tests.RegisterPageTest@73ab3aac]" name="verifyRegisterPageNameTest" duration-ms="2535" started-at="2020-12-30T02:43:10Z" finished-at="2020-12-30T02:43:12Z">
          <reporter-output>
          </reporter-output>
        </test-method> <!-- verifyRegisterPageNameTest -->
        <test-method status="PASS" signature="registerNewUserTest(java.lang.String, java.lang.String, java.lang.String, java.lang.String, java.lang.String, java.lang.String, java.lang.String, java.lang.String, java.lang.String)[pri:2, instance:com.nopcommerce.tests.RegisterPageTest@73ab3aac]" name="registerNewUserTest" duration-ms="22506" started-at="2020-12-30T02:43:13Z" data-provider="getUserData" finished-at="2020-12-30T02:43:36Z">
          <params>
            <param index="0">
              <value>
                <![CDATA[Male]]>
              </value>
            </param>
            <param index="1">
              <value>
                <![CDATA[John]]>
              </value>
            </param>
            <param index="2">
              <value>
                <![CDATA[Smith]]>
              </value>
            </param>
            <param index="3">
              <value>
                <![CDATA[23.0]]>
              </value>
            </param>
            <param index="4">
              <value>
                <![CDATA[March]]>
              </value>
            </param>
            <param index="5">
              <value>
                <![CDATA[1980.0]]>
              </value>
            </param>
            <param index="6">
              <value>
                <![CDATA[Jo@yahoo.com]]>
              </value>
            </param>
            <param index="7">
              <value>
                <![CDATA[Google]]>
              </value>
            </param>
            <param index="8">
              <value>
                <![CDATA[Test@12345]]>
              </value>
            </param>
          </params>
          <reporter-output>
          </reporter-output>
        </test-method> <!-- registerNewUserTest -->
        <test-method status="PASS" signature="registerNewUserTest(java.lang.String, java.lang.String, java.lang.String, java.lang.String, java.lang.String, java.lang.String, java.lang.String, java.lang.String, java.lang.String)[pri:2, instance:com.nopcommerce.tests.RegisterPageTest@73ab3aac]" name="registerNewUserTest" duration-ms="21470" started-at="2020-12-30T02:43:36Z" data-provider="getUserData" finished-at="2020-12-30T02:43:57Z">
          <params>
            <param index="0">
              <value>
                <![CDATA[Female]]>
              </value>
            </param>
            <param index="1">
              <value>
                <![CDATA[Amy]]>
              </value>
            </param>
            <param index="2">
              <value>
                <![CDATA[Jon]]>
              </value>
            </param>
            <param index="3">
              <value>
                <![CDATA[12.0]]>
              </value>
            </param>
            <param index="4">
              <value>
                <![CDATA[May]]>
              </value>
            </param>
            <param index="5">
              <value>
                <![CDATA[1970.0]]>
              </value>
            </param>
            <param index="6">
              <value>
                <![CDATA[AK@yahoo.com]]>
              </value>
            </param>
            <param index="7">
              <value>
                <![CDATA[FaceBook]]>
              </value>
            </param>
            <param index="8">
              <value>
                <![CDATA[Test@23456]]>
              </value>
            </param>
          </params>
          <reporter-output>
          </reporter-output>
        </test-method> <!-- registerNewUserTest -->
        <test-method status="PASS" signature="registerNewUserTest(java.lang.String, java.lang.String, java.lang.String, java.lang.String, java.lang.String, java.lang.String, java.lang.String, java.lang.String, java.lang.String)[pri:2, instance:com.nopcommerce.tests.RegisterPageTest@73ab3aac]" name="registerNewUserTest" duration-ms="21234" started-at="2020-12-30T02:43:57Z" data-provider="getUserData" finished-at="2020-12-30T02:44:19Z">
          <params>
            <param index="0">
              <value>
                <![CDATA[Female]]>
              </value>
            </param>
            <param index="1">
              <value>
                <![CDATA[Rose]]>
              </value>
            </param>
            <param index="2">
              <value>
                <![CDATA[Jim]]>
              </value>
            </param>
            <param index="3">
              <value>
                <![CDATA[14.0]]>
              </value>
            </param>
            <param index="4">
              <value>
                <![CDATA[Jun]]>
              </value>
            </param>
            <param index="5">
              <value>
                <![CDATA[1985.0]]>
              </value>
            </param>
            <param index="6">
              <value>
                <![CDATA[RY@yahoo.com]]>
              </value>
            </param>
            <param index="7">
              <value>
                <![CDATA[Youtube]]>
              </value>
            </param>
            <param index="8">
              <value>
                <![CDATA[Test@32345]]>
              </value>
            </param>
          </params>
          <reporter-output>
          </reporter-output>
        </test-method> <!-- registerNewUserTest -->
        <test-method status="PASS" signature="tearDown()[pri:0, instance:com.nopcommerce.tests.RegisterPageTest@73ab3aac]" name="tearDown" is-config="true" duration-ms="655" started-at="2020-12-30T02:44:19Z" finished-at="2020-12-30T02:44:19Z">
          <reporter-output>
          </reporter-output>
        </test-method> <!-- tearDown -->
      </class> <!-- com.nopcommerce.tests.RegisterPageTest -->
    </test> <!-- RegisterPage Test -->
  </suite> <!-- nopCommerce Regression Test Suite -->
</testng-results>
