<?xml version="1.0" encoding="UTF-8"?>
<testsuite xmlns:xsi="http://www.w3.org/2001/XMLSchema-instance" xsi:noNamespaceSchemaLocation="https://maven.apache.org/surefire/maven-surefire-plugin/xsd/surefire-test-report.xsd" name="TestSuite" time="82.401" tests="16" errors="0" skipped="0" failures="1">
  <properties>
[...]
</properties>
  <testcase name="validatePageTitleTest" classname="com.nopcommerce.tests.HomePageTest" time="0.199"/>
  <testcase name="verifyLogoTest" classname="com.nopcommerce.tests.HomePageTest" time="0.1"/>
  <testcase name="verifyRegisterLinkTest" classname="com.nopcommerce.tests.HomePageTest" time="0.043"/>
  <testcase name="verifyLoginLinkTest" classname="com.nopcommerce.tests.HomePageTest" time="0.037"/>
  <testcase name="verifySearchPageNameTest" classname="com.nopcommerce.tests.SearchPageTest" time="0.03"/>
  <testcase name="verifyRegisterPageNameTest" classname="com.nopcommerce.tests.RegisterPageTest" time="2.501"/>
  <testcase name="verifyManufactureDropDownListTest" classname="com.nopcommerce.tests.SearchPageTest" time="0.576"/>
  <testcase name="verifyManufacturesListTest" classname="com.nopcommerce.tests.SearchPageTest" time="0.046"/>
  <testcase name="verifyLoginPageNameTest" classname="com.nopcommerce.tests.LoginPageTest" time="2.027"/>
  <testcase name="verifyLoginButtonStatusTest" classname="com.nopcommerce.tests.LoginPageTest" time="0.045"/>
  <testcase name="verifyRegisterButtonStatusTest" classname="com.nopcommerce.tests.LoginPageTest" time="0.036"/>
  <testcase name="validateUserLoginTest" classname="com.nopcommerce.tests.LoginPageTest" time="0.546"/>
  <testcase name="logoutTest" classname="com.nopcommerce.tests.LoginPageTest" time="0.418">
    <failure message="no such element: Unable to locate element: {&quot;method&quot;:&quot;link text&quot;,&quot;selector&quot;:&quot;Log out&quot;}&#10;  (Session info: chrome=87.0.4280.88)&#10;For documentation on this error, please visit: https://www.seleniumhq.org/exceptions/no_such_element.html&#10;Build info: version: &apos;3.141.59&apos;, revision: &apos;e82be7d358&apos;, time: &apos;2018-11-14T08:17:03&apos;&#10;System info: host: &apos;LAPTOP-0AM1S9BN&apos;, ip: &apos;192.168.0.105&apos;, os.name: &apos;Windows 10&apos;, os.arch: &apos;amd64&apos;, os.version: &apos;10.0&apos;, java.version: &apos;1.8.0_271&apos;&#10;Driver info: org.openqa.selenium.chrome.ChromeDriver&#10;Capabilities {acceptInsecureCerts: false, browserName: chrome, browserVersion: 87.0.4280.88, chrome: {chromedriverVersion: 87.0.4280.88 (89e2380a3e36c..., userDataDir: C:\Users\shehi\AppData\Loca...}, goog:chromeOptions: {debuggerAddress: localhost:54890}, javascriptEnabled: true, networkConnectionEnabled: false, pageLoadStrategy: normal, platform: WINDOWS, platformName: WINDOWS, proxy: Proxy(), setWindowRect: true, strictFileInteractability: false, timeouts: {implicit: 0, pageLoad: 300000, script: 30000}, unhandledPromptBehavior: dismiss and notify, webauthn:virtualAuthenticators: true}&#10;Session ID: 11da5f1412216febab945ff362d617c3&#10;*** Element info: {Using=link text, value=Log out}" type="org.openqa.selenium.NoSuchElementException">org.openqa.selenium.NoSuchElementException: 
no such element: Unable to locate element: {"method":"link text","selector":"Log out"}
  (Session info: chrome=87.0.4280.88)
For documentation on this error, please visit: https://www.seleniumhq.org/exceptions/no_such_element.html
Build info: version: '3.141.59', revision: 'e82be7d358', time: '2018-11-14T08:17:03'
System info: host: 'LAPTOP-0AM1S9BN', ip: '192.168.0.105', os.name: 'Windows 10', os.arch: 'amd64', os.version: '10.0', java.version: '1.8.0_271'
Driver info: org.openqa.selenium.chrome.ChromeDriver
Capabilities {acceptInsecureCerts: false, browserName: chrome, browserVersion: 87.0.4280.88, chrome: {chromedriverVersion: 87.0.4280.88 (89e2380a3e36c..., userDataDir: C:\Users\shehi\AppData\Loca...}, goog:chromeOptions: {debuggerAddress: localhost:54890}, javascriptEnabled: true, networkConnectionEnabled: false, pageLoadStrategy: normal, platform: WINDOWS, platformName: WINDOWS, proxy: Proxy(), setWindowRect: true, strictFileInteractability: false, timeouts: {implicit: 0, pageLoad: 300000, script: 30000}, unhandledPromptBehavior: dismiss and notify, webauthn:virtualAuthenticators: true}
Session ID: 11da5f1412216febab945ff362d617c3
*** Element info: {Using=link text, value=Log out}
	at com.nopcommerce.tests.LoginPageTest.logoutTest(LoginPageTest.java:40)
</failure>
    <system-out><![CDATA[validateUserLoginTest passed!
I am in onTestStart method logoutTest start
logoutTest started!
I am in onTestFailure method logoutTest failed
Screenshot captured for test case:logoutTest
]]></system-out>
  </testcase>
  <testcase name="registerNewUserTest" classname="com.nopcommerce.tests.RegisterPageTest" time="14.042"/>
  <testcase name="registerNewUserTest" classname="com.nopcommerce.tests.RegisterPageTest" time="21.471"/>
  <testcase name="registerNewUserTest" classname="com.nopcommerce.tests.RegisterPageTest" time="21.233"/>
</testsuite>