<?xml version="1.0" encoding="UTF-8"?>
<!-- Generated by org.testng.reporters.JUnitXMLReporter -->
<testsuite hostname="LAPTOP-0AM1S9BN" ignored="0" name="Homepage Test" tests="4" failures="0" timestamp="30 Dec 2020 02:43:10 GMT" time="10.285" errors="0">
  <testcase name="validatePageTitleTest" time="0.104" classname="com.nopcommerce.tests.HomePageTest"/>
  <testcase name="verifyLogoTest" time="0.089" classname="com.nopcommerce.tests.HomePageTest"/>
  <testcase name="verifyRegisterLinkTest" time="0.055" classname="com.nopcommerce.tests.HomePageTest"/>
  <testcase name="verifyLoginLinkTest" time="0.042" classname="com.nopcommerce.tests.HomePageTest"/>
</testsuite> <!-- Homepage Test -->
