<?xml version="1.0" encoding="UTF-8"?>
<!-- Generated by org.testng.reporters.JUnitXMLReporter -->
<testsuite hostname="LAPTOP-0AM1S9BN" ignored="0" name="RegisterPage Test" tests="4" failures="0" timestamp="30 Dec 2020 02:44:19 GMT" time="79.759" errors="0">
  <testcase name="verifyRegisterPageNameTest" time="2.535" classname="com.nopcommerce.tests.RegisterPageTest"/>
  <testcase name="registerNewUserTest" time="22.506" classname="com.nopcommerce.tests.RegisterPageTest"/>
  <testcase name="registerNewUserTest" time="21.47" classname="com.nopcommerce.tests.RegisterPageTest"/>
  <testcase name="registerNewUserTest" time="21.234" classname="com.nopcommerce.tests.RegisterPageTest"/>
</testsuite> <!-- RegisterPage Test -->
